mode: set
github.com/silvergama/streetfair/api/api.go:24.20,41.2 10 0
github.com/silvergama/streetfair/api/api.go:43.58,44.32 1 1
github.com/silvergama/streetfair/api/api.go:48.2,49.31 2 1
github.com/silvergama/streetfair/api/api.go:44.32,47.3 2 1
github.com/silvergama/streetfair/api/api.go:52.65,53.32 1 1
github.com/silvergama/streetfair/api/api.go:57.2,58.22 2 1
github.com/silvergama/streetfair/api/api.go:53.32,56.3 2 1
github.com/silvergama/streetfair/api/v1/fair.go:14.59,44.2 4 0
github.com/silvergama/streetfair/api/v1/fair.go:46.49,47.71 1 1
github.com/silvergama/streetfair/api/v1/fair.go:47.71,51.36 3 1
github.com/silvergama/streetfair/api/v1/fair.go:56.3,59.20 1 1
github.com/silvergama/streetfair/api/v1/fair.go:51.36,54.4 2 1
github.com/silvergama/streetfair/api/v1/fair.go:63.49,64.71 1 1
github.com/silvergama/streetfair/api/v1/fair.go:64.71,68.63 3 1
github.com/silvergama/streetfair/api/v1/fair.go:73.3,74.17 2 1
github.com/silvergama/streetfair/api/v1/fair.go:78.3,80.25 1 1
github.com/silvergama/streetfair/api/v1/fair.go:68.63,71.4 2 1
github.com/silvergama/streetfair/api/v1/fair.go:74.17,77.4 2 0
github.com/silvergama/streetfair/api/v1/fair.go:84.52,85.71 1 1
github.com/silvergama/streetfair/api/v1/fair.go:85.71,89.63 3 1
github.com/silvergama/streetfair/api/v1/fair.go:94.3,95.17 2 1
github.com/silvergama/streetfair/api/v1/fair.go:99.3,101.54 2 1
github.com/silvergama/streetfair/api/v1/fair.go:106.3,108.20 1 1
github.com/silvergama/streetfair/api/v1/fair.go:89.63,92.4 2 1
github.com/silvergama/streetfair/api/v1/fair.go:95.17,98.4 2 1
github.com/silvergama/streetfair/api/v1/fair.go:101.54,104.4 2 0
github.com/silvergama/streetfair/api/v1/fair.go:112.52,113.71 1 1
github.com/silvergama/streetfair/api/v1/fair.go:113.71,115.17 2 1
github.com/silvergama/streetfair/api/v1/fair.go:120.3,120.47 1 1
github.com/silvergama/streetfair/api/v1/fair.go:125.3,125.47 1 1
github.com/silvergama/streetfair/api/v1/fair.go:115.17,118.4 2 1
github.com/silvergama/streetfair/api/v1/fair.go:120.47,123.4 2 0
github.com/silvergama/streetfair/pkg/response/response.go:25.65,26.17 1 1
github.com/silvergama/streetfair/pkg/response/response.go:30.2,31.16 2 1
github.com/silvergama/streetfair/pkg/response/response.go:37.2,40.16 4 1
github.com/silvergama/streetfair/pkg/response/response.go:26.17,29.3 2 0
github.com/silvergama/streetfair/pkg/response/response.go:31.16,35.3 3 0
github.com/silvergama/streetfair/pkg/response/response.go:40.16,42.3 1 0
github.com/silvergama/streetfair/pkg/response/response.go:45.62,51.2 2 1
github.com/silvergama/streetfair/pkg/response/response.go:53.59,59.2 2 1
github.com/silvergama/streetfair/pkg/response/response.go:61.70,67.2 2 1
github.com/silvergama/streetfair/repository/fair_postgresql.go:14.52,18.2 1 1
github.com/silvergama/streetfair/repository/fair_postgresql.go:20.63,24.16 2 1
github.com/silvergama/streetfair/repository/fair_postgresql.go:29.2,32.16 3 1
github.com/silvergama/streetfair/repository/fair_postgresql.go:37.2,37.18 1 1
github.com/silvergama/streetfair/repository/fair_postgresql.go:24.16,27.3 2 0
github.com/silvergama/streetfair/repository/fair_postgresql.go:32.16,35.3 2 0
github.com/silvergama/streetfair/repository/fair_postgresql.go:40.65,61.16 2 1
github.com/silvergama/streetfair/repository/fair_postgresql.go:66.2,69.16 3 1
github.com/silvergama/streetfair/repository/fair_postgresql.go:74.2,74.27 1 1
github.com/silvergama/streetfair/repository/fair_postgresql.go:61.16,64.3 2 0
github.com/silvergama/streetfair/repository/fair_postgresql.go:69.16,72.3 2 0
github.com/silvergama/streetfair/repository/fair_postgresql.go:77.76,82.16 2 1
github.com/silvergama/streetfair/repository/fair_postgresql.go:87.2,91.16 4 1
github.com/silvergama/streetfair/repository/fair_postgresql.go:96.2,98.18 2 1
github.com/silvergama/streetfair/repository/fair_postgresql.go:108.2,108.19 1 1
github.com/silvergama/streetfair/repository/fair_postgresql.go:82.16,85.3 2 0
github.com/silvergama/streetfair/repository/fair_postgresql.go:91.16,94.3 2 0
github.com/silvergama/streetfair/repository/fair_postgresql.go:98.18,101.17 3 1
github.com/silvergama/streetfair/repository/fair_postgresql.go:105.3,105.28 1 1
github.com/silvergama/streetfair/repository/fair_postgresql.go:101.17,104.4 2 0
github.com/silvergama/streetfair/repository/fair_postgresql.go:111.48,113.16 2 1
github.com/silvergama/streetfair/repository/fair_postgresql.go:117.2,119.41 2 1
github.com/silvergama/streetfair/repository/fair_postgresql.go:124.2,124.12 1 1
github.com/silvergama/streetfair/repository/fair_postgresql.go:113.16,116.3 2 0
github.com/silvergama/streetfair/repository/fair_postgresql.go:119.41,122.3 2 0
github.com/silvergama/streetfair/repository/postgresql.go:13.30,14.23 1 0
github.com/silvergama/streetfair/repository/postgresql.go:17.2,18.16 2 0
github.com/silvergama/streetfair/repository/postgresql.go:22.2,24.12 2 0
github.com/silvergama/streetfair/repository/postgresql.go:14.23,16.3 1 0
github.com/silvergama/streetfair/repository/postgresql.go:18.16,20.3 1 0
github.com/silvergama/streetfair/repository/postgresql.go:27.41,29.16 2 1
github.com/silvergama/streetfair/repository/postgresql.go:34.2,34.33 1 1
github.com/silvergama/streetfair/repository/postgresql.go:38.2,38.16 1 1
github.com/silvergama/streetfair/repository/postgresql.go:29.16,32.3 2 0
github.com/silvergama/streetfair/repository/postgresql.go:34.33,36.3 1 0
github.com/silvergama/streetfair/repository/postgresql.go:41.28,43.2 1 1
